<?xml version="1.0" encoding="UTF-8"?>
<testng-results ignored="0" total="1" passed="1" failed="0" skipped="0">
  <reporter-output>
  </reporter-output>
  <suite started-at="2025-12-31T15:56:03 IST" name="Default suite" finished-at="2025-12-31T15:57:37 IST" duration-ms="94294">
    <groups>
    </groups>
    <test started-at="2025-12-31T15:56:03 IST" name="Default test" finished-at="2025-12-31T15:57:37 IST" duration-ms="94294">
      <class name="com.agentic.windows_automation_ai.Fracpro2025Test">
        <test-method signature="selectCloudStorage()[pri:0, instance:com.agentic.windows_automation_ai.Fracpro2025Test@10e31a9a]" started-at="2025-12-31T15:56:03 IST" name="selectCloudStorage" finished-at="2025-12-31T15:57:37 IST" duration-ms="94240" status="PASS">
          <reporter-output>
          </reporter-output>
        </test-method> <!-- selectCloudStorage -->
      </class> <!-- com.agentic.windows_automation_ai.Fracpro2025Test -->
    </test> <!-- Default test -->
  </suite> <!-- Default suite -->
</testng-results>
